This is pdfTeX, Version 3.14159265-2.6-1.40.15 (TeX Live 2014) (preloaded format=pdflatex 2014.5.25)  8 APR 2016 11:40
entering extended mode
 restricted \write18 enabled.
 file:line:error style messages enabled.
 %&-line parsing enabled.
**hw04.tex
(./hw04.tex
LaTeX2e <2014/05/01>
Babel <3.9k> and hyphenation patterns for 78 languages loaded.
(/usr/local/texlive/2014/texmf-dist/tex/latex/base/article.cls
Document Class: article 2007/10/19 v1.4h Standard LaTeX document class
(/usr/local/texlive/2014/texmf-dist/tex/latex/base/size10.clo
File: size10.clo 2007/10/19 v1.4h Standard LaTeX file (size option)
)
\c@part=\count79
\c@section=\count80
\c@subsection=\count81
\c@subsubsection=\count82
\c@paragraph=\count83
\c@subparagraph=\count84
\c@figure=\count85
\c@table=\count86
\abovecaptionskip=\skip41
\belowcaptionskip=\skip42
\bibindent=\dimen102
)
(/usr/local/texlive/2014/texmf-dist/tex/latex/graphics/graphicx.sty
Package: graphicx 2014/04/25 v1.0g Enhanced LaTeX Graphics (DPC,SPQR)

(/usr/local/texlive/2014/texmf-dist/tex/latex/graphics/keyval.sty
Package: keyval 2014/05/08 v1.15 key=value parser (DPC)
\KV@toks@=\toks14
)
(/usr/local/texlive/2014/texmf-dist/tex/latex/graphics/graphics.sty
Package: graphics 2009/02/05 v1.0o Standard LaTeX Graphics (DPC,SPQR)

(/usr/local/texlive/2014/texmf-dist/tex/latex/graphics/trig.sty
Package: trig 1999/03/16 v1.09 sin cos tan (DPC)
)
(/usr/local/texlive/2014/texmf-dist/tex/latex/latexconfig/graphics.cfg
File: graphics.cfg 2010/04/23 v1.9 graphics configuration of TeX Live
)
Package graphics Info: Driver file: pdftex.def on input line 91.

(/usr/local/texlive/2014/texmf-dist/tex/latex/pdftex-def/pdftex.def
File: pdftex.def 2011/05/27 v0.06d Graphics/color for pdfTeX

(/usr/local/texlive/2014/texmf-dist/tex/generic/oberdiek/infwarerr.sty
Package: infwarerr 2010/04/08 v1.3 Providing info/warning/error messages (HO)
)
(/usr/local/texlive/2014/texmf-dist/tex/generic/oberdiek/ltxcmds.sty
Package: ltxcmds 2011/11/09 v1.22 LaTeX kernel commands for general use (HO)
)
\Gread@gobject=\count87
))
\Gin@req@height=\dimen103
\Gin@req@width=\dimen104
)
(/usr/local/texlive/2014/texmf-dist/tex/latex/graphics/color.sty
Package: color 2014/04/23 v1.1a Standard LaTeX Color (DPC)

(/usr/local/texlive/2014/texmf-dist/tex/latex/latexconfig/color.cfg
File: color.cfg 2007/01/18 v1.5 color configuration of teTeX/TeXLive
)
Package color Info: Driver file: pdftex.def on input line 137.
)
(./hw04.aux)
\openout1 = `hw04.aux'.

LaTeX Font Info:    Checking defaults for OML/cmm/m/it on input line 13.
LaTeX Font Info:    ... okay on input line 13.
LaTeX Font Info:    Checking defaults for T1/cmr/m/n on input line 13.
LaTeX Font Info:    ... okay on input line 13.
LaTeX Font Info:    Checking defaults for OT1/cmr/m/n on input line 13.
LaTeX Font Info:    ... okay on input line 13.
LaTeX Font Info:    Checking defaults for OMS/cmsy/m/n on input line 13.
LaTeX Font Info:    ... okay on input line 13.
LaTeX Font Info:    Checking defaults for OMX/cmex/m/n on input line 13.
LaTeX Font Info:    ... okay on input line 13.
LaTeX Font Info:    Checking defaults for U/cmr/m/n on input line 13.
LaTeX Font Info:    ... okay on input line 13.
 (/usr/local/texlive/2014/texmf-dist/tex/context/base/supp-pdf.mkii
[Loading MPS to PDF converter (version 2006.09.02).]
\scratchcounter=\count88
\scratchdimen=\dimen105
\scratchbox=\box26
\nofMPsegments=\count89
\nofMParguments=\count90
\everyMPshowfont=\toks15
\MPscratchCnt=\count91
\MPscratchDim=\dimen106
\MPnumerator=\count92
\makeMPintoPDFobject=\count93
\everyMPtoPDFconversion=\toks16
) (/usr/local/texlive/2014/texmf-dist/tex/generic/oberdiek/pdftexcmds.sty
Package: pdftexcmds 2011/11/29 v0.20 Utility functions of pdfTeX for LuaTeX (HO
)

(/usr/local/texlive/2014/texmf-dist/tex/generic/oberdiek/ifluatex.sty
Package: ifluatex 2010/03/01 v1.3 Provides the ifluatex switch (HO)
Package ifluatex Info: LuaTeX not detected.
)
(/usr/local/texlive/2014/texmf-dist/tex/generic/oberdiek/ifpdf.sty
Package: ifpdf 2011/01/30 v2.3 Provides the ifpdf switch (HO)
Package ifpdf Info: pdfTeX in PDF mode is detected.
)
Package pdftexcmds Info: LuaTeX not detected.
Package pdftexcmds Info: \pdf@primitive is available.
Package pdftexcmds Info: \pdf@ifprimitive is available.
Package pdftexcmds Info: \pdfdraftmode found.
)
(/usr/local/texlive/2014/texmf-dist/tex/latex/oberdiek/epstopdf-base.sty
Package: epstopdf-base 2010/02/09 v2.5 Base part for package epstopdf

(/usr/local/texlive/2014/texmf-dist/tex/latex/oberdiek/grfext.sty
Package: grfext 2010/08/19 v1.1 Manage graphics extensions (HO)

(/usr/local/texlive/2014/texmf-dist/tex/generic/oberdiek/kvdefinekeys.sty
Package: kvdefinekeys 2011/04/07 v1.3 Define keys (HO)
))
(/usr/local/texlive/2014/texmf-dist/tex/latex/oberdiek/kvoptions.sty
Package: kvoptions 2011/06/30 v3.11 Key value format for package options (HO)

(/usr/local/texlive/2014/texmf-dist/tex/generic/oberdiek/kvsetkeys.sty
Package: kvsetkeys 2012/04/25 v1.16 Key value parser (HO)

(/usr/local/texlive/2014/texmf-dist/tex/generic/oberdiek/etexcmds.sty
Package: etexcmds 2011/02/16 v1.5 Avoid name clashes with e-TeX commands (HO)
Package etexcmds Info: Could not find \expanded.
(etexcmds)             That can mean that you are not using pdfTeX 1.50 or
(etexcmds)             that some package has redefined \expanded.
(etexcmds)             In the latter case, load this package earlier.
)))
Package grfext Info: Graphics extension search list:
(grfext)             [.png,.pdf,.jpg,.mps,.jpeg,.jbig2,.jb2,.PNG,.PDF,.JPG,.JPE
G,.JBIG2,.JB2,.eps]
(grfext)             \AppendGraphicsExtensions on input line 452.

(/usr/local/texlive/2014/texmf-dist/tex/latex/latexconfig/epstopdf-sys.cfg
File: epstopdf-sys.cfg 2010/07/13 v1.3 Configuration of (r)epstopdf for TeX Liv
e
))
LaTeX Font Info:    Try loading font information for OMS+cmr on input line 21.

(/usr/local/texlive/2014/texmf-dist/tex/latex/base/omscmr.fd
File: omscmr.fd 1999/05/25 v2.5h Standard LaTeX font definitions
)
LaTeX Font Info:    Font shape `OMS/cmr/m/n' in size <10> not available
(Font)              Font shape `OMS/cmsy/m/n' tried instead on input line 21.

Overfull \hbox (48.74657pt too wide) in paragraph at lines 48--48
[]\OT1/cmtt/m/n/10 clear all                                      % Instructor:
 Dr. Ha-Rok Bae[] 
 []


Overfull \hbox (48.74657pt too wide) in paragraph at lines 48--48
[]\OT1/cmtt/m/n/10 close all                                      % Class: ME 7
060 Spring 2016[] 
 []

LaTeX Font Info:    External font `cmex10' loaded for size
(Font)              <7> on input line 54.
LaTeX Font Info:    External font `cmex10' loaded for size
(Font)              <5> on input line 54.

Overfull \hbox (48.74657pt too wide) in paragraph at lines 62--62
[]\OT1/cmtt/m/n/10 delta_max = @(P,L,E,I,w) (P.*L.^3)./ (48.*E.*I) + (5*w.*L.^4
)./(385.*E.*I);[] 
 []

[1

{/usr/local/texlive/2014/texmf-var/fonts/map/pdftex/updmap/pdftex.map}]
Overfull \hbox (22.4968pt too wide) in paragraph at lines 132--132
[]\OT1/cmtt/m/n/10 gtil = g + gDelta(1) * (X1(1) - mu_P) + gDelta(2) * (X1(2) -
 mu_E) ...[] 
 []


Overfull \hbox (17.24684pt too wide) in paragraph at lines 132--132
[]\OT1/cmtt/m/n/10 sigma_g = sqrt( (gDelta(1) * sigma_P)^2 + (gDelta(2) * sigma
_E)^2 ...[] 
 []


Overfull \hbox (1.49698pt too wide) in paragraph at lines 132--132
[]\OT1/cmtt/m/n/10 percentError_from_MCS = ( (pf_true_MCS - pf) / pf_true_MCS )
 * 100[] 
 []

[2]
Overfull \hbox (17.24684pt too wide) in paragraph at lines 213--213
[]\OT1/cmtt/m/n/10 sigma_g = sqrt( (gDelta(1) * sigma_P)^2 + (gDelta(2) * sigma
_E)^2 ...[] 
 []


Overfull \hbox (17.24684pt too wide) in paragraph at lines 213--213
[]\OT1/cmtt/m/n/10 % Step B Compute the initial beta using the mean-value metho
d and its[] 
 []

[3]
Overfull \hbox (17.24684pt too wide) in paragraph at lines 213--213
[]\OT1/cmtt/m/n/10 sigma_g = sqrt( (gDelta(1) * sigma_P)^2 + (gDelta(2) * sigma
_E)^2 ...[] 
 []


Overfull \hbox (1.49698pt too wide) in paragraph at lines 213--213
[]\OT1/cmtt/m/n/10 percentError_from_MCS = ( (pf_true_MCS - pf) / pf_true_MCS )
 * 100[] 
 []

[4]
Missing character: There is no ± in font cmr10!

Overfull \hbox (17.24684pt too wide) in paragraph at lines 271--271
[]\OT1/cmtt/m/n/10 Design(:,1) = Design(:,1)*sigma_P; Design(:,2) = Design(:,2)
*sigma_E;[] 
 []


Overfull \hbox (22.4968pt too wide) in paragraph at lines 271--271
[]\OT1/cmtt/m/n/10 Means = [mu_P*ones(length(Design),1), mu_E*ones(length(Desig
n),1), ...[] 
 []


Overfull \hbox (1.49698pt too wide) in paragraph at lines 271--271
[]\OT1/cmtt/m/n/10 percentError_from_MCS = ( (pf_true_MCS - pf) / pf_true_MCS )
 * 100[] 
 []

[5]
Missing character: There is no – in font cmr10!

Overfull \hbox (59.24648pt too wide) in paragraph at lines 316--316
[]\OT1/cmtt/m/n/10 W_v = exp(mu_log_w + sigma_log_w.*icdf('normal',rand(Number_
of_runs,1),0,1));[] 
 []


Overfull \hbox (17.24684pt too wide) in paragraph at lines 386--386
[]\OT1/cmtt/m/n/10 sigma_g = sqrt( (gDelta(1) * sigma_P)^2 + (gDelta(2) * sigma
_E)^2 ...[] 
 []


Overfull \hbox (17.24684pt too wide) in paragraph at lines 386--386
[]\OT1/cmtt/m/n/10 % Step B Compute the initial beta using the mean-value metho
d and its[] 
 []

[6]
Overfull \hbox (17.24684pt too wide) in paragraph at lines 386--386
[]\OT1/cmtt/m/n/10 sigma_g = sqrt( (gDelta(1) * sigma_P)^2 + (gDelta(2) * sigma
_E)^2 ...[] 
 []


Overfull \hbox (1.49698pt too wide) in paragraph at lines 386--386
[]\OT1/cmtt/m/n/10 percentError_from_MCS = ( (pf_true_MCS - pf) / pf_true_MCS )
 * 100[] 
 []

[7] [8] (./hw04.aux) ) 
Here is how much of TeX's memory you used:
 1527 strings out of 493117
 22163 string characters out of 6135433
 83845 words of memory out of 5000000
 5001 multiletter control sequences out of 15000+600000
 4413 words of font info for 17 fonts, out of 8000000 for 9000
 1141 hyphenation exceptions out of 8191
 38i,5n,23p,342b,247s stack positions out of 5000i,500n,10000p,200000b,80000s
</usr/local/texlive/2014/texmf-dist/fonts/type1/public/am
sfonts/cm/cmbx12.pfb></usr/local/texlive/2014/texmf-dist/fonts/type1/public/ams
fonts/cm/cmmi10.pfb></usr/local/texlive/2014/texmf-dist/fonts/type1/public/amsf
onts/cm/cmmi7.pfb></usr/local/texlive/2014/texmf-dist/fonts/type1/public/amsfon
ts/cm/cmr10.pfb></usr/local/texlive/2014/texmf-dist/fonts/type1/public/amsfonts
/cm/cmsy10.pfb></usr/local/texlive/2014/texmf-dist/fonts/type1/public/amsfonts/
cm/cmtt10.pfb>
Output written on hw04.pdf (8 pages, 86987 bytes).
PDF statistics:
 55 PDF objects out of 1000 (max. 8388607)
 38 compressed objects within 1 object stream
 0 named destinations out of 1000 (max. 500000)
 1 words of extra memory for PDF output out of 10000 (max. 10000000)

