1
 
 
 
 
                                                             
                 Copyright 2014 Siemens Product Lifecycle    
                        Management Software Inc.             
                         All Rights Reserved.                
                                                             
               This software and related documentation are   
                 proprietary to Siemens Product Lifecycle    
                        Management Software Inc.             
                                                             
              Siemens and the Siemens logo are registered    
             trademarks of Siemens AG. NX is a trademark or  
                registered trademark of Siemens Product      
               Lifecycle Management Software Inc. or its     
             subsidiaries in the United States and in other  
             countries.  NASTRAN is a registered trademark   
                 of the National Aeronautics and Space       
                 Administration.  All other trademarks,      
              registered trademarks or service marks belong  
                      to their respective holders.           
                                                             
           LIMITATIONS TO U.S. GOVERNMENT RIGHTS. UNPUBLISHED
           - RIGHTS RESERVED UNDER THE COPYRIGHT LAWS OF THE 
            UNITED STATES. This computer software and related
               computer software documentation have been     
            developed exclusively at private expense and are 
           provided subject to the following rights:  If this
               computer software and computer  software      
            documentation qualify as "commercial items" (as  
             that term is defined in FAR 2.101), their use,  
            duplication or disclosure by the U.S. Government 
           is subject to the protections and restrictions as 
            set forth in the Siemens commercial license for  
            software and/or documentation, as prescribed in  
           FAR 12.212 and FAR 27.405(b)(2)(i) (for civilian  
             agencies) and in DFARS 227.7202-1(a) and DFARS  
           227.7202-3(a) (for the Department of Defense), or 
           any successor or similar regulation, as applicable
           or as amended from time to time.  If this computer
           software and computer documentation do not qualify
            as "commercial items", then they are "restricted 
           computer software" and are provided with "restric-
            tive rights", and their use, duplication or dis- 
            closure by the U.S. Government is subject to the 
            protections and restrictions as set forth in FAR 
           27.404(b) and FAR 52-227-14 (for civilian agencies
           ), and DFARS 227.7203-5(c) and DFARS 252.227-7014 
           (for the Department of Defense), or any successor 
           or similar regulation, as applicable or as amended
              from time to time.  Siemens PLM Software Inc.  
            5800 Granite Parkway, Suite 600, Plano, TX 75024 

                * * * * * * * * * * * * * * * * * * * *
                * * * * * * * * * * * * * * * * * * * *
                * *                                 * *
                * *                                 * *
                * *                                 * *
                * *                                 * *
                * *       N X   N a s t r a n       * *
                * *                                 * *
                * *        VERSION -   10.0         * *
                * *                                 * *
                * *          OCT 30, 2014           * *
                * *                                 * *
                * *                                 * *
                * *Intel64 Family 6 Model 94 Steppi * *
                * *                                 * *
                * * Intel(R) Core(TM) i7-6700HQ CPU * *
                * *                                 * *
                * *            Windows 8            * *
                * *                                 * *
                * *       Compiled for X86-64       * *
                * *                                 * *
                * * * * * * * * * * * * * * * * * * * *
                * * * * * * * * * * * * * * * * * * * *
1 
  
                        Welcome to NX Nastran
                        -------------------------
  
  
 This "news" information can be turned off by setting "news=no" in the runtime
 configuration (RC) file.  The "news" keyword can be set in the system RC file
 for global, or multi-user control, and in a local file for local control.
 Individual jobs can be controlled by setting news to yes or no on the command
 line.
1                                                                              JULY  11, 2016  NX NASTRAN 10/30/14   PAGE     1
                                                                                                                                    
0        N A S T R A N    F I L E    A N D    S Y S T E M    P A R A M E T E R    E C H O                                           
0                                                                                                                                   
                                                                                                                                    
                                                                                                                                    
     NASTRAN BUFFSIZE=32769 $(C:/PROGRAM FILES/SIEMENS/NX 10.0/NXNASTRAN/CONF/NAST10.
     NASTRAN BUFFPOOL=11674                                                          
     NASTRAN DIAGA=128 DIAGB=0 $(C:/PROGRAM FILES/SIEMENS/NX 10.0/NXNASTRAN/CONF/NAST
     NASTRAN SYSTEM(442)=2 $(COMMAND LINE[5])                                        
     NASTRAN REAL=2147483647 $(PROGRAM DEFAULT)                                      
     $*$$$$$$$$$$$$$$$$$$$$$$$$$$$$$$$$$$$$$$$$$$$$$$$$$$$$$$$$$$$$$$$$$             
     $*                                                                              
     $*                    NX V10.0.0.24 TRANSLATOR                                  
     $*                    FOR NX NASTRAN VERSION 10.0                               
     $*                                                                              
     $*             FEM FILE: C:\USERS\ADO\DESKTOP\TAPPERED_PYRAMID\TAPPERED_PYRAMID_
     $*             SIM FILE: C:\USERS\ADO\DESKTOP\TAPPERED_PYRAMID\TAPPERED_PYRAMID_
     $*        ANALYSIS TYPE: STRUCTURAL                                             
     $*        SOLUTION NAME: SOLUTION 1                                             
     $*        SOLUTION TYPE: SOL 101 LINEAR STATICS - GLOBAL CONSTRAINTS            
     $*                                                                              
     $*    SOLVER INPUT FILE: TAPPERED_PYRAMID_SIM1-SOLUTION_1.DAT                   
     $*        CREATION DATE: 11-JUL-2016                                            
     $*        CREATION TIME: 14:55:23                                               
     $*             HOSTNAME: DESKTOP-5UE3P8V                                        
     $*      NASTRAN LICENSE: DESKTOP BUNDLE                                         
     $*                                                                              
     $*                UNITS: MM (MILLI-NEWTON)                                      
     $*                      ... LENGTH : MM                                         
     $*                      ... TIME   : SEC                                        
     $*                      ... MASS   : KILOGRAM (KG)                              
     $*                      ... TEMPERATURE : DEG CELSIUS                           
     $*                      ... FORCE  : MILLI-NEWTON                               
     $*                      ... THERMAL ENERGY : MN-MM (MICRO-JOULE)                
     $*                                                                              
     $* IMPORTANT NOTE:                                                              
     $*     THIS BANNER WAS GENERATED BY NX AND ALTERING THIS INFORMATION            
     $*     MAY COMPROMISE THE NX POST PROCESSING OF RESULTS.                        
     $*                                                                              
     $*$$$$$$$$$$$$$$$$$$$$$$$$$$$$$$$$$$$$$$$$$$$$$$$$$$$$$$$$$$$$$$$$$             
     $*                                                                              
     $*$$$$$$$$$$$$$$$$$$$$$$$$$$$$$$$$$$$                                           
     $*                                                                              
     $* FILE MANAGEMENT                                                              
     $*                                                                              
     $*$$$$$$$$$$$$$$$$$$$$$$$$$$$$$$$$$$$                                           
     $*                                                                              
     $*                                                                              
     $*$$$$$$$$$$$$$$$$$$$$$$$$$$$$$$$$$$$                                           
     $*                                                                              
     $* EXECUTIVE CONTROL                                                            
     $*                                                                              
     $*$$$$$$$$$$$$$$$$$$$$$$$$$$$$$$$$$$$                                           
     $*                                                                              
1                                                                              JULY  11, 2016  NX NASTRAN 10/30/14   PAGE     2
                                                                                                                                    
0        N A S T R A N    E X E C U T I V E    C O N T R O L    E C H O                                                             
0                                                                                                                                   
                                                                                                                                    
                                                                                                                                    
     ID,NASTRAN,TAPPERED_PYRAMID_SIM1-SOLUTION_1                                             
     SOL 101                                                                                 
     CEND                                                                                    
1                                                                              JULY  11, 2016  NX NASTRAN 10/30/14   PAGE     3
                                                                                                                                    
0                                                                                                                                   
0                                        C A S E    C O N T R O L    E C H O                                                        
                 COMMAND                                                                                                            
                 COUNT                                                                                                              
                  1      $*                                                                                      
                  2      $*$$$$$$$$$$$$$$$$$$$$$$$$$$$$$$$$$$$                                                   
                  3      $*                                                                                      
                  4      $* CASE CONTROL                                                                         
                  5      $*                                                                                      
                  6      $*$$$$$$$$$$$$$$$$$$$$$$$$$$$$$$$$$$$                                                   
                  7      $*                                                                                      
                  8      ECHO = NONE                                                                             
                  9      SPC = 1                                                                                 
                 10      OUTPUT                                                                                  
                 11      DISPLACEMENT(PLOT,REAL) = ALL                                                           
                 12      SPCFORCES(PLOT,REAL) = ALL                                                              
                 13      STRESS(PLOT,REAL,VONMISES,CENTER) = ALL                                                 
                 14      $*  NX STEP: SUBCASE - STATIC LOADS 1                                                   
                 15      SUBCASE 1                                                                               
                 16      LABEL = SUBCASE - STATIC LOADS 1                                                        
                 17      LOAD = 2                                                                                
                 18      $*                                                                                      
                 19      $*$$$$$$$$$$$$$$$$$$$$$$$$$$$$$$$$$$$                                                   
                 20      $*                                                                                      
                 21      $* BULK DATA                                                                            
                 22      $*                                                                                      
                 23      $*$$$$$$$$$$$$$$$$$$$$$$$$$$$$$$$$$$$                                                   
                 24      $*                                                                                      
                 25      BEGIN BULK                                                                              
0                             INPUT BULK DATA ENTRY COUNT =         153
0                       TOTAL COUNT=       121


                                        M O D E L   S U M M A R Y

                                   NUMBER OF GRID     POINTS   =       54
 
 
                                   NUMBER OF CHEXA    ELEMENTS =       20
 
 *** USER INFORMATION MESSAGE 4109 (OUTPX2)
     THE LABEL IS NX10.0   FOR FORTRAN UNIT 12
     (MAXIMUM SIZE OF FORTRAN RECORDS WRITTEN =        7 WORDS.)
     (NUMBER OF FORTRAN RECORDS WRITTEN =        8 RECORDS.)
     (TOTAL DATA WRITTEN FOR TAPE LABEL =       17 WORDS.)
1                                                                              JULY  11, 2016  NX NASTRAN 10/30/14   PAGE     4
                                                                                                                                    
0                                                                                                                                   
0                                                                                                                                   
                                                                                                                                    
                                                                                                                                    
 *** USER INFORMATION MESSAGE 4114 (OUTPX2)
     DATA BLOCK IBULK    WRITTEN ON FORTRAN UNIT  12, TRL =
                    101                 1                 0                 0                 0                 0                 0
     (MAXIMUM POSSIBLE FORTRAN RECORD SIZE =    65538 WORDS.)
     (MAXIMUM SIZE OF FORTRAN RECORDS WRITTEN =       20 WORDS.)
     (NUMBER OF FORTRAN RECORDS WRITTEN =      774 RECORDS.)
     (TOTAL DATA WRITTEN FOR DATA BLOCK =     3669 WORDS.)
 *** USER INFORMATION MESSAGE 4114 (OUTPX2)
     DATA BLOCK CASECC   WRITTEN ON FORTRAN UNIT  12, TRL =
                    102                 1                 0               600                 0                 0                 0
     (MAXIMUM POSSIBLE FORTRAN RECORD SIZE =    65538 WORDS.)
     (MAXIMUM SIZE OF FORTRAN RECORDS WRITTEN =      600 WORDS.)
     (NUMBER OF FORTRAN RECORDS WRITTEN =       19 RECORDS.)
     (TOTAL DATA WRITTEN FOR DATA BLOCK =      624 WORDS.)
 *** USER INFORMATION MESSAGE 4114 (OUTPX2)
     DATA BLOCK PVT0     WRITTEN ON FORTRAN UNIT  12, TRL =
                    101                28                 0                 0                 0                 0                 0
     (MAXIMUM POSSIBLE FORTRAN RECORD SIZE =    65538 WORDS.)
     (MAXIMUM SIZE OF FORTRAN RECORDS WRITTEN =       28 WORDS.)
     (NUMBER OF FORTRAN RECORDS WRITTEN =       19 RECORDS.)
     (TOTAL DATA WRITTEN FOR DATA BLOCK =       52 WORDS.)
 *** USER INFORMATION MESSAGE 4114 (OUTPX2)
     DATA BLOCK GPL      WRITTEN ON FORTRAN UNIT  12, TRL =
                    101                54                54                 0                 0                 0                 0
     (MAXIMUM POSSIBLE FORTRAN RECORD SIZE =    65538 WORDS.)
     (MAXIMUM SIZE OF FORTRAN RECORDS WRITTEN =      108 WORDS.)
     (NUMBER OF FORTRAN RECORDS WRITTEN =       24 RECORDS.)
     (TOTAL DATA WRITTEN FOR DATA BLOCK =      191 WORDS.)
 *** USER INFORMATION MESSAGE 4114 (OUTPX2)
     DATA BLOCK GPDT     WRITTEN ON FORTRAN UNIT  12, TRL =
                    102                54                10                 0                 2                 0                 0
     (MAXIMUM POSSIBLE FORTRAN RECORD SIZE =    65538 WORDS.)
     (MAXIMUM SIZE OF FORTRAN RECORDS WRITTEN =      540 WORDS.)
     (NUMBER OF FORTRAN RECORDS WRITTEN =       19 RECORDS.)
     (TOTAL DATA WRITTEN FOR DATA BLOCK =      564 WORDS.)
 *** USER INFORMATION MESSAGE 4114 (OUTPX2)
     DATA BLOCK EPT      WRITTEN ON FORTRAN UNIT  12, TRL =
                    101                 0               256                 0                 0                 0                 0
     (MAXIMUM POSSIBLE FORTRAN RECORD SIZE =    65538 WORDS.)
     (MAXIMUM SIZE OF FORTRAN RECORDS WRITTEN =       10 WORDS.)
     (NUMBER OF FORTRAN RECORDS WRITTEN =       24 RECORDS.)
     (TOTAL DATA WRITTEN FOR DATA BLOCK =       41 WORDS.)
 *** USER INFORMATION MESSAGE 4114 (OUTPX2)
     DATA BLOCK MPT      WRITTEN ON FORTRAN UNIT  12, TRL =
                    101             32768                 0                 0                 0                 0                 0
     (MAXIMUM POSSIBLE FORTRAN RECORD SIZE =    65538 WORDS.)
     (MAXIMUM SIZE OF FORTRAN RECORDS WRITTEN =       15 WORDS.)
     (NUMBER OF FORTRAN RECORDS WRITTEN =       24 RECORDS.)
     (TOTAL DATA WRITTEN FOR DATA BLOCK =       46 WORDS.)
1                                                                              JULY  11, 2016  NX NASTRAN 10/30/14   PAGE     5
                                                                                                                                    
0                                                                                                                                   
0                                                                                                                                   
                                                                                                                                    
                                                                                                                                    
 *** USER INFORMATION MESSAGE 4114 (OUTPX2)
     DATA BLOCK GEOM2    WRITTEN ON FORTRAN UNIT  12, TRL =
                    101                 0                 0                 0                 0               128                 0
     (MAXIMUM POSSIBLE FORTRAN RECORD SIZE =    65538 WORDS.)
     (MAXIMUM SIZE OF FORTRAN RECORDS WRITTEN =      443 WORDS.)
     (NUMBER OF FORTRAN RECORDS WRITTEN =       24 RECORDS.)
     (TOTAL DATA WRITTEN FOR DATA BLOCK =      474 WORDS.)
 *** USER INFORMATION MESSAGE 4114 (OUTPX2)
     DATA BLOCK GEOM3    WRITTEN ON FORTRAN UNIT  12, TRL =
                    102                 0                 0                64                 0                 0                 0
     (MAXIMUM POSSIBLE FORTRAN RECORD SIZE =    65538 WORDS.)
     (MAXIMUM SIZE OF FORTRAN RECORDS WRITTEN =       66 WORDS.)
     (NUMBER OF FORTRAN RECORDS WRITTEN =       24 RECORDS.)
     (TOTAL DATA WRITTEN FOR DATA BLOCK =       97 WORDS.)
 *** USER INFORMATION MESSAGE 4114 (OUTPX2)
     DATA BLOCK GEOM4    WRITTEN ON FORTRAN UNIT  12, TRL =
                    103                 0                 0                 0               512                 0                 0
     (MAXIMUM POSSIBLE FORTRAN RECORD SIZE =    65538 WORDS.)
     (MAXIMUM SIZE OF FORTRAN RECORDS WRITTEN =       39 WORDS.)
     (NUMBER OF FORTRAN RECORDS WRITTEN =       24 RECORDS.)
     (TOTAL DATA WRITTEN FOR DATA BLOCK =       70 WORDS.)
 *** USER INFORMATION MESSAGE 4114 (OUTPX2)
     DATA BLOCK GEOM1    WRITTEN ON FORTRAN UNIT  12, TRL =
                    104                 0                 0                 8                 0                 0                 0
     (MAXIMUM POSSIBLE FORTRAN RECORD SIZE =    65538 WORDS.)
     (MAXIMUM SIZE OF FORTRAN RECORDS WRITTEN =      597 WORDS.)
     (NUMBER OF FORTRAN RECORDS WRITTEN =       24 RECORDS.)
     (TOTAL DATA WRITTEN FOR DATA BLOCK =      628 WORDS.)
 *** USER INFORMATION MESSAGE 4114 (OUTPX2)
     DATA BLOCK BGPDT    WRITTEN ON FORTRAN UNIT  12, TRL =
                    105                54                 0               324                 2                 0                54
     (MAXIMUM POSSIBLE FORTRAN RECORD SIZE =    65538 WORDS.)
     (MAXIMUM SIZE OF FORTRAN RECORDS WRITTEN =      648 WORDS.)
     (NUMBER OF FORTRAN RECORDS WRITTEN =       24 RECORDS.)
     (TOTAL DATA WRITTEN FOR DATA BLOCK =      784 WORDS.)
 *** USER INFORMATION MESSAGE 4114 (OUTPX2)
     DATA BLOCK EQEXIN   WRITTEN ON FORTRAN UNIT  12, TRL =
                    101                54                 0                 0                 0                 0                 0
     (MAXIMUM POSSIBLE FORTRAN RECORD SIZE =    65538 WORDS.)
     (MAXIMUM SIZE OF FORTRAN RECORDS WRITTEN =      108 WORDS.)
     (NUMBER OF FORTRAN RECORDS WRITTEN =       24 RECORDS.)
     (TOTAL DATA WRITTEN FOR DATA BLOCK =      244 WORDS.)
1                                                                              JULY  11, 2016  NX NASTRAN 10/30/14   PAGE     6
                                                                                                                                    
0                                                                                                                                   
 *** USER INFORMATION MESSAGE 7310 (VECPRN)
     ORIGIN OF SUPERELEMENT BASIC COORDINATE SYSTEM WILL BE USED AS REFERENCE LOCATION.
     RESULTANTS ABOUT ORIGIN OF SUPERELEMENT BASIC COORDINATE SYSTEM IN SUPERELEMENT BASIC SYSTEM COORDINATES.
0                                                  OLOAD    RESULTANT       
  SUBCASE/    LOAD
  DAREA ID    TYPE       T1            T2            T3            R1            R2            R3
0        1     FX   -1.000000E+13     ----          ----          ----      -1.900000E+18  0.000000E+00                             
               FY       ----       0.000000E+00     ----       0.000000E+00     ----       0.000000E+00                             
               FZ       ----          ----       0.000000E+00  0.000000E+00  0.000000E+00     ----                                  
               MX       ----          ----          ----       0.000000E+00     ----          ----                                  
               MY       ----          ----          ----          ----       0.000000E+00     ----                                  
               MZ       ----          ----          ----          ----          ----       0.000000E+00                             
             TOTALS -1.000000E+13  0.000000E+00  0.000000E+00  0.000000E+00 -1.900000E+18  0.000000E+00                             
1                                                                              JULY  11, 2016  NX NASTRAN 10/30/14   PAGE     7
                                                                                                                                    
0                                                                                                            SUBCASE 1              
0                                         G R I D   P O I N T   S I N G U L A R I T Y   T A B L E
0                             POINT    TYPE   FAILED      STIFFNESS       OLD USET           NEW USET
                               ID            DIRECTION      RATIO     EXCLUSIVE  UNION   EXCLUSIVE  UNION
                                1        G      4         0.00E+00          BF       F         SB       S    *
                                1        G      5         0.00E+00          BF       F         SB       S    *
                                1        G      6         0.00E+00          BF       F         SB       S    *
                                2        G      4         0.00E+00          BF       F         SB       S    *
                                2        G      5         0.00E+00          BF       F         SB       S    *
                                2        G      6         0.00E+00          BF       F         SB       S    *
                                3        G      4         0.00E+00          BF       F         SB       S    *
                                3        G      5         0.00E+00          BF       F         SB       S    *
                                3        G      6         0.00E+00          BF       F         SB       S    *
                                4        G      4         0.00E+00          BF       F         SB       S    *
                                4        G      5         0.00E+00          BF       F         SB       S    *
                                4        G      6         0.00E+00          BF       F         SB       S    *
                                5        G      4         0.00E+00          BF       F         SB       S    *
                                5        G      5         0.00E+00          BF       F         SB       S    *
                                5        G      6         0.00E+00          BF       F         SB       S    *
                                6        G      4         0.00E+00          BF       F         SB       S    *
                                6        G      5         0.00E+00          BF       F         SB       S    *
                                6        G      6         0.00E+00          BF       F         SB       S    *
                                7        G      4         0.00E+00          BF       F         SB       S    *
                                7        G      5         0.00E+00          BF       F         SB       S    *
                                7        G      6         0.00E+00          BF       F         SB       S    *
                                8        G      4         0.00E+00          BF       F         SB       S    *
                                8        G      5         0.00E+00          BF       F         SB       S    *
                                8        G      6         0.00E+00          BF       F         SB       S    *
                                9        G      4         0.00E+00          BF       F         SB       S    *
                                9        G      5         0.00E+00          BF       F         SB       S    *
                                9        G      6         0.00E+00          BF       F         SB       S    *
                               10        G      4         0.00E+00          BF       F         SB       S    *
                               10        G      5         0.00E+00          BF       F         SB       S    *
                               10        G      6         0.00E+00          BF       F         SB       S    *
                               11        G      4         0.00E+00          BF       F         SB       S    *
                               11        G      5         0.00E+00          BF       F         SB       S    *
                               11        G      6         0.00E+00          BF       F         SB       S    *
                               12        G      4         0.00E+00          BF       F         SB       S    *
                               12        G      5         0.00E+00          BF       F         SB       S    *
                               12        G      6         0.00E+00          BF       F         SB       S    *
                               14        G      4         0.00E+00          BF       F         SB       S    *
                               14        G      5         0.00E+00          BF       F         SB       S    *
                               14        G      6         0.00E+00          BF       F         SB       S    *
                               15        G      4         0.00E+00          BF       F         SB       S    *
                               15        G      5         0.00E+00          BF       F         SB       S    *
                               15        G      6         0.00E+00          BF       F         SB       S    *
                               16        G      4         0.00E+00          BF       F         SB       S    *
                               16        G      5         0.00E+00          BF       F         SB       S    *
                               16        G      6         0.00E+00          BF       F         SB       S    *
                               17        G      4         0.00E+00          BF       F         SB       S    *
                               17        G      5         0.00E+00          BF       F         SB       S    *
                               17        G      6         0.00E+00          BF       F         SB       S    *
                               18        G      4         0.00E+00          BF       F         SB       S    *
                               18        G      5         0.00E+00          BF       F         SB       S    *
1                                                                              JULY  11, 2016  NX NASTRAN 10/30/14   PAGE     8
                                                                                                                                    
0                                                                                                            SUBCASE 1              
0                                         G R I D   P O I N T   S I N G U L A R I T Y   T A B L E
0                             POINT    TYPE   FAILED      STIFFNESS       OLD USET           NEW USET
                               ID            DIRECTION      RATIO     EXCLUSIVE  UNION   EXCLUSIVE  UNION
                               18        G      6         0.00E+00          BF       F         SB       S    *
                               19        G      4         0.00E+00          BF       F         SB       S    *
                               19        G      5         0.00E+00          BF       F         SB       S    *
                               19        G      6         0.00E+00          BF       F         SB       S    *
                               20        G      4         0.00E+00          BF       F         SB       S    *
                               20        G      5         0.00E+00          BF       F         SB       S    *
                               20        G      6         0.00E+00          BF       F         SB       S    *
                               21        G      4         0.00E+00          BF       F         SB       S    *
                               21        G      5         0.00E+00          BF       F         SB       S    *
                               21        G      6         0.00E+00          BF       F         SB       S    *
                               22        G      4         0.00E+00          BF       F         SB       S    *
                               22        G      5         0.00E+00          BF       F         SB       S    *
                               22        G      6         0.00E+00          BF       F         SB       S    *
                               24        G      4         0.00E+00          BF       F         SB       S    *
                               24        G      5         0.00E+00          BF       F         SB       S    *
                               24        G      6         0.00E+00          BF       F         SB       S    *
                               25        G      4         0.00E+00          BF       F         SB       S    *
                               25        G      5         0.00E+00          BF       F         SB       S    *
                               25        G      6         0.00E+00          BF       F         SB       S    *
                               26        G      4         0.00E+00          BF       F         SB       S    *
                               26        G      5         0.00E+00          BF       F         SB       S    *
                               26        G      6         0.00E+00          BF       F         SB       S    *
                               27        G      4         0.00E+00          BF       F         SB       S    *
                               27        G      5         0.00E+00          BF       F         SB       S    *
                               27        G      6         0.00E+00          BF       F         SB       S    *
                               28        G      4         0.00E+00          BF       F         SB       S    *
                               28        G      5         0.00E+00          BF       F         SB       S    *
                               28        G      6         0.00E+00          BF       F         SB       S    *
                               29        G      4         0.00E+00          BF       F         SB       S    *
                               29        G      5         0.00E+00          BF       F         SB       S    *
                               29        G      6         0.00E+00          BF       F         SB       S    *
                               30        G      4         0.00E+00          BF       F         SB       S    *
                               30        G      5         0.00E+00          BF       F         SB       S    *
                               30        G      6         0.00E+00          BF       F         SB       S    *
                               31        G      4         0.00E+00          BF       F         SB       S    *
                               31        G      5         0.00E+00          BF       F         SB       S    *
                               31        G      6         0.00E+00          BF       F         SB       S    *
                               32        G      4         0.00E+00          BF       F         SB       S    *
                               32        G      5         0.00E+00          BF       F         SB       S    *
                               32        G      6         0.00E+00          BF       F         SB       S    *
                               34        G      4         0.00E+00          BF       F         SB       S    *
                               34        G      5         0.00E+00          BF       F         SB       S    *
                               34        G      6         0.00E+00          BF       F         SB       S    *
                               35        G      4         0.00E+00          BF       F         SB       S    *
                               35        G      5         0.00E+00          BF       F         SB       S    *
                               35        G      6         0.00E+00          BF       F         SB       S    *
                               37        G      4         0.00E+00          BF       F         SB       S    *
                               37        G      5         0.00E+00          BF       F         SB       S    *
                               37        G      6         0.00E+00          BF       F         SB       S    *
                               38        G      4         0.00E+00          BF       F         SB       S    *
1                                                                              JULY  11, 2016  NX NASTRAN 10/30/14   PAGE     9
                                                                                                                                    
0                                                                                                            SUBCASE 1              
0                                         G R I D   P O I N T   S I N G U L A R I T Y   T A B L E
0                             POINT    TYPE   FAILED      STIFFNESS       OLD USET           NEW USET
                               ID            DIRECTION      RATIO     EXCLUSIVE  UNION   EXCLUSIVE  UNION
                               38        G      5         0.00E+00          BF       F         SB       S    *
                               38        G      6         0.00E+00          BF       F         SB       S    *
                               39        G      4         0.00E+00          BF       F         SB       S    *
                               39        G      5         0.00E+00          BF       F         SB       S    *
                               39        G      6         0.00E+00          BF       F         SB       S    *
                               40        G      4         0.00E+00          BF       F         SB       S    *
                               40        G      5         0.00E+00          BF       F         SB       S    *
                               40        G      6         0.00E+00          BF       F         SB       S    *
                               41        G      4         0.00E+00          BF       F         SB       S    *
                               41        G      5         0.00E+00          BF       F         SB       S    *
                               41        G      6         0.00E+00          BF       F         SB       S    *
                               42        G      4         0.00E+00          BF       F         SB       S    *
                               42        G      5         0.00E+00          BF       F         SB       S    *
                               42        G      6         0.00E+00          BF       F         SB       S    *
                               43        G      4         0.00E+00          BF       F         SB       S    *
                               43        G      5         0.00E+00          BF       F         SB       S    *
                               43        G      6         0.00E+00          BF       F         SB       S    *
                               44        G      4         0.00E+00          BF       F         SB       S    *
                               44        G      5         0.00E+00          BF       F         SB       S    *
                               44        G      6         0.00E+00          BF       F         SB       S    *
                               45        G      4         0.00E+00          BF       F         SB       S    *
                               45        G      5         0.00E+00          BF       F         SB       S    *
                               45        G      6         0.00E+00          BF       F         SB       S    *
                               49        G      4         0.00E+00          BF       F         SB       S    *
                               49        G      5         0.00E+00          BF       F         SB       S    *
                               49        G      6         0.00E+00          BF       F         SB       S    *
                               50        G      4         0.00E+00          BF       F         SB       S    *
                               50        G      5         0.00E+00          BF       F         SB       S    *
                               50        G      6         0.00E+00          BF       F         SB       S    *
                               52        G      4         0.00E+00          BF       F         SB       S    *
                               52        G      5         0.00E+00          BF       F         SB       S    *
                               52        G      6         0.00E+00          BF       F         SB       S    *
                               53        G      4         0.00E+00          BF       F         SB       S    *
                               53        G      5         0.00E+00          BF       F         SB       S    *
                               53        G      6         0.00E+00          BF       F         SB       S    *
 *** USER INFORMATION MESSAGE - SINGULARITIES FOUND USING EIGENVALUE METHOD
 ***     135 SINGULARITIES FOUND       135 SINGULARITIES ELIMINATED
1                                                                              JULY  11, 2016  NX NASTRAN 10/30/14   PAGE    10
                                                                                                                                    
0                                                                                                            SUBCASE 1              
 *** SYSTEM INFORMATION MESSAGE 6916 (DFMSYN)
     DECOMP ORDERING METHOD CHOSEN: DEFAULT, ORDERING METHOD USED: BEND
 *** USER INFORMATION MESSAGE 5293 (SSG3A)
    FOR DATA BLOCK KLL     
    LOAD SEQ. NO.             EPSILON              EXTERNAL WORK      EPSILONS LARGER THAN 0.001 ARE FLAGGED WITH ASTERISKS
                1          2.7522553E-14          1.5108837E+15
1                                                                              JULY  11, 2016  NX NASTRAN 10/30/14   PAGE    11
                                                                                                                                    
0                                                                                                                                   
 *** USER INFORMATION MESSAGE 7310 (VECPRN)
     ORIGIN OF SUPERELEMENT BASIC COORDINATE SYSTEM WILL BE USED AS REFERENCE LOCATION.
     RESULTANTS ABOUT ORIGIN OF SUPERELEMENT BASIC COORDINATE SYSTEM IN SUPERELEMENT BASIC SYSTEM COORDINATES.
0                                                  SPCFORCE RESULTANT       
  SUBCASE/    LOAD
  DAREA ID    TYPE       T1            T2            T3            R1            R2            R3
0        1     FX    1.000000E+13     ----          ----          ----       0.000000E+00  2.364880E+06                             
               FY       ----      -1.025391E-02     ----       0.000000E+00     ----      -2.366896E+06                             
               FZ       ----          ----       7.324219E-02 -1.024000E+03  1.900000E+18     ----                                  
               MX       ----          ----          ----       0.000000E+00     ----          ----                                  
               MY       ----          ----          ----          ----       0.000000E+00     ----                                  
               MZ       ----          ----          ----          ----          ----       0.000000E+00                             
             TOTALS  1.000000E+13 -1.025391E-02  7.324219E-02 -1.024000E+03  1.900000E+18 -2.016000E+03                             
 *** USER INFORMATION MESSAGE 4114 (OUTPX2)
     DATA BLOCK OQG1     WRITTEN ON FORTRAN UNIT  12, TRL =
                    101                 0               432                11                16                 0                 1
     (MAXIMUM POSSIBLE FORTRAN RECORD SIZE =    65538 WORDS.)
     (MAXIMUM SIZE OF FORTRAN RECORDS WRITTEN =      432 WORDS.)
     (NUMBER OF FORTRAN RECORDS WRITTEN =       24 RECORDS.)
     (TOTAL DATA WRITTEN FOR DATA BLOCK =      611 WORDS.)
 *** USER INFORMATION MESSAGE 4114 (OUTPX2)
     DATA BLOCK BOUGV1   WRITTEN ON FORTRAN UNIT  12, TRL =
                    101                 0               432                11                16                 0                 1
     (MAXIMUM POSSIBLE FORTRAN RECORD SIZE =    65538 WORDS.)
     (MAXIMUM SIZE OF FORTRAN RECORDS WRITTEN =      432 WORDS.)
     (NUMBER OF FORTRAN RECORDS WRITTEN =       24 RECORDS.)
     (TOTAL DATA WRITTEN FOR DATA BLOCK =      611 WORDS.)
 *** USER INFORMATION MESSAGE 4114 (OUTPX2)
     DATA BLOCK OES1     WRITTEN ON FORTRAN UNIT  12, TRL =
                    101                63                 7                11                16                 0                 1
     (MAXIMUM POSSIBLE FORTRAN RECORD SIZE =    65538 WORDS.)
     (MAXIMUM SIZE OF FORTRAN RECORDS WRITTEN =     3860 WORDS.)
     (NUMBER OF FORTRAN RECORDS WRITTEN =       24 RECORDS.)
     (TOTAL DATA WRITTEN FOR DATA BLOCK =     4039 WORDS.)
1                                                                              JULY  11, 2016  NX NASTRAN 10/30/14   PAGE    12
                                                                                                                                    
0                                                                                                                                   
1                                                                              JULY  11, 2016  NX NASTRAN 10/30/14   PAGE    13
                                                                                                                                    
0                                                                                                                                   
1                                                                              JULY  11, 2016  NX NASTRAN 10/30/14   PAGE    14
                                                                                                                                    
0                                                                                                                                   
 *** USER INFORMATION MESSAGE 4110 (OUTPX2)
                                 END-OF-DATA SIMULATION ON FORTRAN UNIT 12
                                 (MAXIMUM SIZE OF FORTRAN RECORDS WRITTEN =      1 WORDS.)
                                       (NUMBER OF FORTRAN RECORDS WRITTEN =      1 RECORDS.)
                                       (TOTAL DATA WRITTEN FOR EOF MARKER =      1 WORDS.)
1                                                                              JULY  11, 2016  NX NASTRAN 10/30/14   PAGE    15
                                                                                                                                    
0                                                                                                                                   
 * * * *  D B D I C T   P R I N T  * * * *      SUBDMAP = PRTSUM  ,  DMAP STATEMENT NO.     31



0                                   * * * *  A N A L Y S I S  S U M M A R Y  T A B L E  * * * *
0 SEID  PEID PROJ VERS APRCH      SEMG SEMR SEKR SELG SELR MODES DYNRED SOLLIN PVALID SOLNL LOOPID DESIGN CYCLE SENSITIVITY
 --------------------------------------------------------------------------------------------------------------------------
     0     0    1    1 '        '    T    T    T    T    T     F      F      T      0     F     -1            0           F
0SEID = SUPERELEMENT ID.
 PEID = PRIMARY SUPERELEMENT ID OF IMAGE SUPERELEMENT.
 PROJ = PROJECT ID NUMBER.
 VERS = VERSION ID.
 APRCH = BLANK FOR STRUCTURAL ANALYSIS.  HEAT FOR HEAT TRANSFER ANALYSIS.
 SEMG = STIFFNESS AND MASS MATRIX GENERATION STEP.
 SEMR = MASS MATRIX REDUCTION STEP (INCLUDES EIGENVALUE SOLUTION FOR MODES).
 SEKR = STIFFNESS MATRIX REDUCTION STEP.
 SELG = LOAD MATRIX GENERATION STEP.
 SELR = LOAD MATRIX REDUCTION STEP. 
 MODES = T (TRUE) IF NORMAL MODES OR BUCKLING MODES CALCULATED.
 DYNRED = T (TRUE) MEANS GENERALIZED DYNAMIC AND/OR COMPONENT MODE REDUCTION PERFORMED.
 SOLLIN = T (TRUE) IF LINEAR SOLUTION EXISTS IN DATABASE.
 PVALID = P-DISTRIBUTION ID OF P-VALUE FOR P-ELEMENTS
 LOOPID = THE LAST LOOPID VALUE USED IN THE NONLINEAR ANALYSIS.  USEFUL FOR RESTARTS.
 SOLNL = T (TRUE) IF NONLINEAR SOLUTION EXISTS IN DATABASE.
 DESIGN CYCLE = THE LAST DESIGN CYCLE (ONLY VALID IN OPTIMIZATION).
 SENSITIVITY = SENSITIVITY MATRIX GENERATION FLAG.
1                                        * * * END OF JOB * * *
 
 
