1
0
1
ASSEMBLY
1
PART-1-1
PART-1
1
PART-1-1
11
1 1
2 2
3 3
4 4
5 5
6 6
7 7
8 8
9 9
10 10
11 11
1 1
2 2
3 3
4 4
5 5
6 6
7 7
8 8
9 9
10 10
11 11
0
1
PART-1-1
10
1 1
2 2
3 3
4 4
5 5
6 6
7 7
8 8
9 9
10 10
1 1
2 2
3 3
4 4
5 5
6 6
7 7
8 8
9 9
10 10
0
1
__PICKEDSURF8_SPOS
0
2
0
1
PART-1-1
10
1 2 3 4 5 6 7 8 9 10 
0
1
PART-1-1
2
_PICKEDSET2
0
2
10
1 2 3 4 5 6 7 8 9 10 
0
0
_PICKEDSET3
0
2
10
1 2 3 4 5 6 7 8 9 10 
0
0
0
3
LOADPSET
0
1
0
1
PART-1-1
1
6 
0
_PICKEDSET4
0
2
0
1
PART-1-1
1
1 
0
_PICKEDSET5
0
2
0
1
PART-1-1
1
11 
0
1
PART-1-1
2
_PICKEDSET2
0
2
11
1 2 3 4 5 6 7 8 9 10 11 
0
0
_PICKEDSET3
0
2
11
1 2 3 4 5 6 7 8 9 10 11 
0
0
0
0
1
_PICKEDSURF8
1
0
0
1
PART-1-1
0
0
1
SPOS
10
1 2 3 4 5 6 7 8 9 10 
